<?xml version="1.0" encoding="UTF-8"?>
<!-- Generated by org.testng.reporters.JUnitReportReporter -->
<testsuite hostname="LAPTOP-RA25G4BU" failures="0" tests="7" name="com.QuiyumAutomation.TestNGExample" time="16.253" errors="0" timestamp="04 May 2020 05:39:30 GMT" skipped="0">
  <testcase classname="com.QuiyumAutomation.TestNGExample" name="Test7_ClickOnSubmit" time="0.157"/>
  <testcase classname="com.QuiyumAutomation.TestNGExample" name="Test3_InputEmail" time="2.314"/>
  <testcase classname="com.QuiyumAutomation.TestNGExample" name="Test4_InputConfirmEmail" time="0.223"/>
  <testcase classname="com.QuiyumAutomation.TestNGExample" name="Test1_OpenApplication" time="5.003"/>
  <testcase classname="com.QuiyumAutomation.TestNGExample" name="Test6_InputRepassword" time="0.194"/>
  <testcase classname="com.QuiyumAutomation.TestNGExample" name="Test2_ClickOnGetStartedButton" time="8.154"/>
  <testcase classname="com.QuiyumAutomation.TestNGExample" name="Test5_InputPassword" time="0.208"/>
</testsuite> <!-- com.QuiyumAutomation.TestNGExample -->
