<?xml version="1.0" encoding="UTF-8"?>
<!-- Generated by org.testng.reporters.JUnitReportReporter -->
<testsuite hostname="LAPTOP-RA25G4BU" failures="0" tests="7" name="com.QuiyumAutomation.TestNGExample2" time="6.921" errors="1" timestamp="2020-05-10T03:21:31 EDT" skipped="5">
  <testcase classname="com.QuiyumAutomation.TestNGExample2" name="Test4_InputConfirmEmail" time="0.000">
    <skipped/>
  </testcase> <!-- Test4_InputConfirmEmail -->
  <system-out/>
  <testcase classname="com.QuiyumAutomation.TestNGExample2" name="Test5_InputPassword" time="0.000">
    <skipped/>
  </testcase> <!-- Test5_InputPassword -->
  <system-out/>
  <testcase classname="com.QuiyumAutomation.TestNGExample2" name="Test3_InputEmail" time="0.000">
    <skipped/>
  </testcase> <!-- Test3_InputEmail -->
  <system-out/>
  <testcase classname="com.QuiyumAutomation.TestNGExample2" name="Test7_ClickOnSubmit" time="0.000">
    <skipped/>
  </testcase> <!-- Test7_ClickOnSubmit -->
  <system-out/>
  <testcase classname="com.QuiyumAutomation.TestNGExample2" name="Test2_ClickOnGetStartedButton" time="0.001">
    <error message="Unresolved compilation problem: 
	The method waitUntilElementDisplayed(WebDriver, WebElement) is undefined for the type TestNGExample2
" type="java.lang.Error">
      <![CDATA[java.lang.Error: Unresolved compilation problem: 
The method waitUntilElementDisplayed(WebDriver, WebElement) is undefined for the type TestNGExample2

at com.QuiyumAutomation.TestNGExample2.Test2_ClickOnGetStartedButton(TestNGExample2.java:37)
at java.base/jdk.internal.reflect.NativeMethodAccessorImpl.invoke0(Native Method)
at java.base/jdk.internal.reflect.NativeMethodAccessorImpl.invoke(NativeMethodAccessorImpl.java:62)
at java.base/jdk.internal.reflect.DelegatingMethodAccessorImpl.invoke(DelegatingMethodAccessorImpl.java:43)
at java.base/java.lang.reflect.Method.invoke(Method.java:564)
at org.testng.internal.MethodInvocationHelper.invokeMethod(MethodInvocationHelper.java:135)
at org.testng.internal.TestInvoker.invokeMethod(TestInvoker.java:598)
at org.testng.internal.TestInvoker.invokeTestMethod(TestInvoker.java:174)
at org.testng.internal.MethodRunner.runInSequence(MethodRunner.java:46)
at org.testng.internal.TestInvoker$MethodInvocationAgent.invoke(TestInvoker.java:821)
at org.testng.internal.TestInvoker.invokeTestMethods(TestInvoker.java:147)
at org.testng.internal.TestMethodWorker.invokeTestMethods(TestMethodWorker.java:146)
at org.testng.internal.TestMethodWorker.run(TestMethodWorker.java:128)
at java.base/java.util.ArrayList.forEach(ArrayList.java:1510)
at org.testng.TestRunner.privateRun(TestRunner.java:767)
at org.testng.TestRunner.run(TestRunner.java:588)
at org.testng.SuiteRunner.runTest(SuiteRunner.java:384)
at org.testng.SuiteRunner.runSequentially(SuiteRunner.java:378)
at org.testng.SuiteRunner.privateRun(SuiteRunner.java:337)
at org.testng.SuiteRunner.run(SuiteRunner.java:286)
at org.testng.SuiteRunnerWorker.runSuite(SuiteRunnerWorker.java:53)
at org.testng.SuiteRunnerWorker.run(SuiteRunnerWorker.java:96)
at org.testng.TestNG.runSuitesSequentially(TestNG.java:1214)
at org.testng.TestNG.runSuitesLocally(TestNG.java:1136)
at org.testng.TestNG.runSuites(TestNG.java:1066)
at org.testng.TestNG.run(TestNG.java:1034)
at org.testng.remote.AbstractRemoteTestNG.run(AbstractRemoteTestNG.java:115)
at org.testng.remote.RemoteTestNG.initAndRun(RemoteTestNG.java:251)
at org.testng.remote.RemoteTestNG.main(RemoteTestNG.java:77)
]]>
    </error>
  </testcase> <!-- Test2_ClickOnGetStartedButton -->
  <system-out/>
  <testcase classname="com.QuiyumAutomation.TestNGExample2" name="Test1_OpenApplication" time="6.920"/>
  <system-out/>
  <testcase classname="com.QuiyumAutomation.TestNGExample2" name="Test6_InputRepassword" time="0.000">
    <skipped/>
  </testcase> <!-- Test6_InputRepassword -->
  <system-out/>
</testsuite> <!-- com.QuiyumAutomation.TestNGExample2 -->
