<?xml version="1.0" encoding="UTF-8"?>
<!-- Generated by org.testng.reporters.JUnitReportReporter -->
<testsuite skipped="0" hostname="Shanzedurs-MacBook-Pro.local" name="com.QuiyumAutomation.TestNGExample" tests="7" failures="0" timestamp="05 May 2020 19:15:54 GMT" time="7.948" errors="0">
  <testcase name="Test3_InputEmail" time="2.336" classname="com.QuiyumAutomation.TestNGExample"/>
  <testcase name="Test4_InputConfirmEmail" time="0.232" classname="com.QuiyumAutomation.TestNGExample"/>
  <testcase name="Test1_OpenApplication" time="2.009" classname="com.QuiyumAutomation.TestNGExample"/>
  <testcase name="Test2_ClickOnGetStartedButton" time="2.848" classname="com.QuiyumAutomation.TestNGExample"/>
  <testcase name="Test7_ClickOnSubmit" time="0.100" classname="com.QuiyumAutomation.TestNGExample"/>
  <testcase name="Test6_InputRepassword" time="0.214" classname="com.QuiyumAutomation.TestNGExample"/>
  <testcase name="Test5_InputPassword" time="0.209" classname="com.QuiyumAutomation.TestNGExample"/>
</testsuite> <!-- com.QuiyumAutomation.TestNGExample -->
