<?xml version="1.0" encoding="UTF-8"?>
<!-- Generated by org.testng.reporters.JUnitReportReporter -->
<testsuite hostname="LAPTOP-RA25G4BU" failures="0" tests="2" name="com.QuiyumAutomation.Mayank" time="21.090" errors="1" timestamp="2020-05-10T14:58:12 EDT" skipped="1">
  <testcase classname="com.QuiyumAutomation.Mayank" name="launchApp" time="21.090">
    <error message="Timed out waiting for driver server to start.
Build info: version: &#039;3.141.59&#039;, revision: &#039;e82be7d358&#039;, time: &#039;2018-11-14T08:17:03&#039;
System info: host: &#039;LAPTOP-RA25G4BU&#039;, ip: &#039;192.168.56.1&#039;, os.name: &#039;Windows 10&#039;, os.arch: &#039;amd64&#039;, os.version: &#039;10.0&#039;, java.version: &#039;14&#039;
Driver info: driver.version: ChromeDriver" type="org.openqa.selenium.WebDriverException">
      <![CDATA[org.openqa.selenium.WebDriverException: Timed out waiting for driver server to start.
Build info: version: '3.141.59', revision: 'e82be7d358', time: '2018-11-14T08:17:03'
System info: host: 'LAPTOP-RA25G4BU', ip: '192.168.56.1', os.name: 'Windows 10', os.arch: 'amd64', os.version: '10.0', java.version: '14'
Driver info: driver.version: ChromeDriver
at org.openqa.selenium.remote.service.DriverService.waitUntilAvailable(DriverService.java:202)
at org.openqa.selenium.remote.service.DriverService.start(DriverService.java:188)
at org.openqa.selenium.remote.service.DriverCommandExecutor.execute(DriverCommandExecutor.java:79)
at org.openqa.selenium.remote.RemoteWebDriver.execute(RemoteWebDriver.java:552)
at org.openqa.selenium.remote.RemoteWebDriver.startSession(RemoteWebDriver.java:213)
at org.openqa.selenium.remote.RemoteWebDriver.<init>(RemoteWebDriver.java:131)
at org.openqa.selenium.chrome.ChromeDriver.<init>(ChromeDriver.java:181)
at org.openqa.selenium.chrome.ChromeDriver.<init>(ChromeDriver.java:168)
at org.openqa.selenium.chrome.ChromeDriver.<init>(ChromeDriver.java:123)
at com.QuiyumAutomation.Mayank.launchApp(Mayank.java:41)
at java.base/jdk.internal.reflect.NativeMethodAccessorImpl.invoke0(Native Method)
at java.base/jdk.internal.reflect.NativeMethodAccessorImpl.invoke(NativeMethodAccessorImpl.java:62)
at java.base/jdk.internal.reflect.DelegatingMethodAccessorImpl.invoke(DelegatingMethodAccessorImpl.java:43)
at java.base/java.lang.reflect.Method.invoke(Method.java:564)
at org.testng.internal.MethodInvocationHelper.invokeMethod(MethodInvocationHelper.java:135)
at org.testng.internal.MethodInvocationHelper.invokeMethodConsideringTimeout(MethodInvocationHelper.java:64)
at org.testng.internal.ConfigInvoker.invokeConfigurationMethod(ConfigInvoker.java:364)
at org.testng.internal.ConfigInvoker.invokeConfigurations(ConfigInvoker.java:318)
at org.testng.internal.TestMethodWorker.invokeBeforeClassMethods(TestMethodWorker.java:176)
at org.testng.internal.TestMethodWorker.run(TestMethodWorker.java:122)
at java.base/java.util.ArrayList.forEach(ArrayList.java:1510)
at org.testng.TestRunner.privateRun(TestRunner.java:767)
at org.testng.TestRunner.run(TestRunner.java:588)
at org.testng.SuiteRunner.runTest(SuiteRunner.java:384)
at org.testng.SuiteRunner.runSequentially(SuiteRunner.java:378)
at org.testng.SuiteRunner.privateRun(SuiteRunner.java:337)
at org.testng.SuiteRunner.run(SuiteRunner.java:286)
at org.testng.SuiteRunnerWorker.runSuite(SuiteRunnerWorker.java:53)
at org.testng.SuiteRunnerWorker.run(SuiteRunnerWorker.java:96)
at org.testng.TestNG.runSuitesSequentially(TestNG.java:1214)
at org.testng.TestNG.runSuitesLocally(TestNG.java:1136)
at org.testng.TestNG.runSuites(TestNG.java:1066)
at org.testng.TestNG.run(TestNG.java:1034)
at org.testng.remote.AbstractRemoteTestNG.run(AbstractRemoteTestNG.java:115)
at org.testng.remote.RemoteTestNG.initAndRun(RemoteTestNG.java:251)
at org.testng.remote.RemoteTestNG.main(RemoteTestNG.java:77)
Caused by: org.openqa.selenium.net.UrlChecker$TimeoutException: Timed out waiting for [http://localhost:33892/status] to be available after 20004 ms
at org.openqa.selenium.net.UrlChecker.waitUntilAvailable(UrlChecker.java:100)
at org.openqa.selenium.remote.service.DriverService.waitUntilAvailable(DriverService.java:197)
... 35 more
Caused by: java.util.concurrent.TimeoutException
at java.base/java.util.concurrent.FutureTask.get(FutureTask.java:204)
at com.google.common.util.concurrent.SimpleTimeLimiter.callWithTimeout(SimpleTimeLimiter.java:156)
at org.openqa.selenium.net.UrlChecker.waitUntilAvailable(UrlChecker.java:75)
... 36 more
]]>
    </error>
  </testcase> <!-- launchApp -->
  <system-out/>
  <testcase classname="com.QuiyumAutomation.Mayank" name="Login" time="0.000">
    <skipped/>
  </testcase> <!-- Login -->
  <system-out/>
</testsuite> <!-- com.QuiyumAutomation.Mayank -->
