<?xml version="1.0" encoding="UTF-8"?>
<!-- Generated by org.testng.reporters.JUnitReportReporter -->
<testsuite hostname="LAPTOP-RA25G4BU" failures="0" tests="2" name="com.QuiyumAutomation.DifferentBrowser" time="76.692" errors="0" timestamp="2020-05-14T15:02:17 EDT" skipped="0">
  <testcase classname="com.QuiyumAutomation.DifferentBrowser" name="open" time="22.843"/>
  <system-out/>
  <testcase classname="com.QuiyumAutomation.DifferentBrowser" name="open" time="53.849"/>
  <system-out/>
</testsuite> <!-- com.QuiyumAutomation.DifferentBrowser -->
