<?xml version="1.0" encoding="UTF-8"?>
<!-- Generated by org.testng.reporters.JUnitReportReporter -->
<testsuite hostname="LAPTOP-RA25G4BU" failures="0" tests="3" name="com.QuiyumAutomation.WixNew" time="25.386" errors="0" timestamp="2020-05-13T03:15:51 EDT" skipped="0">
  <testcase classname="com.QuiyumAutomation.WixNew" name="Test1_OpenApplication" time="6.968"/>
  <system-out/>
  <testcase classname="com.QuiyumAutomation.WixNew" name="Test2_ClickOnGetStartedButton" time="7.710"/>
  <system-out/>
  <testcase classname="com.QuiyumAutomation.WixNew" name="Test3_LogIn" time="10.708"/>
  <system-out/>
</testsuite> <!-- com.QuiyumAutomation.WixNew -->
